[debug] ----------------------------------------------------------------------
[debug] Command:      /Users/yuichi/.nvm/versions/node/v5.10.0/bin/node /Users/yuichi/.nvm/versions/node/v5.10.0/bin/firebase deploy
[debug] CLI Version:  3.2.2
[debug] Platform:     darwin
[debug] Node Version: v5.10.0
[debug] Time:         Sun Feb 12 2017 03:47:32 GMT+0900 (JST)
[debug] ----------------------------------------------------------------------
[debug] 
[debug] > command requires scopes: ["email","openid","https://www.googleapis.com/auth/cloudplatformprojects.readonly","https://www.googleapis.com/auth/firebase"]
[debug] > refreshing access token with scopes: ["email","https://www.googleapis.com/auth/cloudplatformprojects.readonly","https://www.googleapis.com/auth/firebase","openid"]
[debug] >>> HTTP REQUEST POST https://www.googleapis.com/oauth2/v3/token { refresh_token: '1/ZQR772PZMtVJCRjfWzUozA5z-TCB4Ex0U7yhVFKfbr3An-gRxTnsxxcGGM6qiElh',
  client_id: '563584335869-fgrhgmd47bqnekij5i8b5pr03ho849e6.apps.googleusercontent.com',
  client_secret: 'j9iVZfS8kkCEFUPaAeJV0sAi',
  grant_type: 'refresh_token',
  scope: 'email https://www.googleapis.com/auth/cloudplatformprojects.readonly https://www.googleapis.com/auth/firebase openid' } 
 Sun Feb 12 2017 03:47:33 GMT+0900 (JST)
[debug] <<< HTTP RESPONSE 200
[debug] >>> HTTP REQUEST GET https://admin.firebase.com/v1/projects/yswedding-f218e  
 Sun Feb 12 2017 03:47:33 GMT+0900 (JST)
[debug] <<< HTTP RESPONSE 200
[debug] >>> HTTP REQUEST GET https://admin.firebase.com/v1/database/yswedding-f218e/tokens  
 Sun Feb 12 2017 03:47:35 GMT+0900 (JST)
[debug] <<< HTTP RESPONSE 200
[info] 
[info] === Deploying to 'yswedding-f218e'...
[info] 
[info] i  deploying database, hosting
[info] ✔  database: rules ready to deploy.
[info] i  hosting: preparing public directory for upload...
[debug] >>> HTTP REQUEST PUT https://deploy.firebase.com/v1/hosting/yswedding-f218e/uploads/-KciV7UfHjVInZXJn97H?fileCount=122&message=  
 Sun Feb 12 2017 03:47:42 GMT+0900 (JST)
